This file contains any messages produced by compilers while
running configure, to aid debugging if configure makes a mistake.

It was created by libnrx configure 0.0, which was
generated by GNU Autoconf 2.67.  Invocation command line was

  $ ./configure --host=arm-none-linux-gnueabi CFLAGS=-I/disk-b/Amlogic/amlogicMBOX-0526/kernel/include -I/disk-b/6410/Android/wifi/nano-c047.12/kernel/ic -I/disk-b/6410/Android/wifi/nano-c047.12/driverenv/inc -I/disk-b/6410/Android/wifi/nano-c047.12/WiFiEngine/802/inc -I/disk-b/6410/Android/wifi/nano-c047.12/WiFiEngine/80211/inc -I/disk-b/6410/Android/wifi/nano-c047.12/WiFiEngine/80211macmgmt/inc -I/disk-b/6410/Android/wifi/nano-c047.12/WiFiEngine/80211macmib/inc -I/disk-b/6410/Android/wifi/nano-c047.12/WiFiEngine/driverenv/common/inc -I/disk-b/6410/Android/wifi/nano-c047.12/WiFiEngine/mac_api/inc -I/disk-b/6410/Android/wifi/nano-c047.12/WiFiEngine/pal/inc -I/disk-b/6410/Android/wifi/nano-c047.12/WiFiEngine/hic/inc -I/disk-b/6410/Android/wifi/nano-c047.12/WiFiEngine/hic_wrapper/inc -I/disk-b/6410/Android/wifi/nano-c047.12/WiFiEngine/hic_ctrl_msg/inc -I/disk-b/6410/Android/wifi/nano-c047.12/WiFiEngine/mac_wrapper/inc -I/disk-b/6410/Android/wifi/nano-c047.12/WiFiEngine/mlme_proxy/inc -I/disk-b/6410/Android/wifi/nano-c047.12/WiFiEngine/reg/inc -I/disk-b/6410/Android/wifi/nano-c047.12/WiFiEngine/sys/inc -I/disk-b/6410/Android/wifi/nano-c047.12/WiFiEngine/ucos/inc -I/disk-b/6410/Android/wifi/nano-c047.12/WiFiEngine/ucos_port_winhost/inc -I/disk-b/6410/Android/wifi/nano-c047.12/WiFiEngine/wifi_drv/inc -I/disk-b/6410/Android/wifi/nano-c047.12/WiFiEngine/ewpa/inc -I/disk-b/6410/Android/wifi/nano-c047.12/WiFiEngine/logger/inc

## --------- ##
## Platform. ##
## --------- ##

hostname = Ubt1010
uname -m = i686
uname -r = 2.6.38-8-generic
uname -s = Linux
uname -v = #42-Ubuntu SMP Mon Apr 11 03:31:50 UTC 2011

/usr/bin/uname -p = unknown
/bin/uname -X     = unknown

/bin/arch              = unknown
/usr/bin/arch -k       = unknown
/usr/convex/getsysinfo = unknown
/usr/bin/hostinfo      = unknown
/bin/machine           = unknown
/usr/bin/oslevel       = unknown
/bin/universe          = unknown

PATH: /usr/local/sbin
PATH: /usr/local/bin
PATH: /usr/sbin
PATH: /usr/bin
PATH: /sbin
PATH: /bin
PATH: /usr/games
PATH: /disk-b/tools/android-sdk-linux_x86/platform-tools
PATH: /disk-b/tools/android-sdk-linux_x86/tools
PATH: /disk-b/HTC/android/system/out/host/linux-x86/bin
PATH: /disk-b/6410/opt/FriendlyARM/toolschain/4.5.1/bin
PATH: /disk-b/tools/amlogic/jdk1.6.0_25/bin
PATH: /disk-b/tools/arm-gdb/bin
PATH: /disk-b/HTC/android/system/prebuilt/linux-x86/toolchain/arm-eabi-4.4.3/bin


## ----------- ##
## Core tests. ##
## ----------- ##

configure:1896: checking for a BSD-compatible install
configure:1964: result: /usr/bin/install -c
configure:1975: checking whether build environment is sane
configure:2025: result: yes
configure:2074: checking for arm-none-linux-gnueabi-strip
configure:2101: result: /disk-b/tools/amlogic/arm-2010q1/bin/arm-none-linux-gnueabi-strip
configure:2166: checking for a thread-safe mkdir -p
configure:2205: result: /bin/mkdir -p
configure:2218: checking for gawk
configure:2248: result: no
configure:2218: checking for mawk
configure:2234: found /usr/bin/mawk
configure:2245: result: mawk
configure:2256: checking whether make sets $(MAKE)
configure:2278: result: yes
configure:2368: checking for arm-none-linux-gnueabi-gcc
configure:2395: result: /disk-b/tools/amlogic/arm-2010q1/bin/arm-none-linux-gnueabi-gcc
configure:2664: checking for C compiler version
configure:2673: /disk-b/tools/amlogic/arm-2010q1/bin/arm-none-linux-gnueabi-gcc --version >&5
arm-none-linux-gnueabi-gcc (Sourcery G++ Lite 2010q1-202) 4.4.1
Copyright (C) 2009 Free Software Foundation, Inc.
This is free software; see the source for copying conditions.  There is NO
warranty; not even for MERCHANTABILITY or FITNESS FOR A PARTICULAR PURPOSE.

configure:2684: $? = 0
configure:2673: /disk-b/tools/amlogic/arm-2010q1/bin/arm-none-linux-gnueabi-gcc -v >&5
Using built-in specs.
Target: arm-none-linux-gnueabi
Configured with: /scratch/julian/2010q1-release-linux-lite/src/gcc-4.4-2010q1/configure --build=i686-pc-linux-gnu --host=i686-pc-linux-gnu --target=arm-none-linux-gnueabi --enable-threads --disable-libmudflap --disable-libssp --disable-libstdcxx-pch --enable-extra-sgxxlite-multilibs --with-arch=armv5te --with-gnu-as --with-gnu-ld --with-specs='%{funwind-tables|fno-unwind-tables|mabi=*|ffreestanding|nostdlib:;:-funwind-tables} %{O2:%{!fno-remove-local-statics: -fremove-local-statics}} %{O*:%{O|O0|O1|O2|Os:;:%{!fno-remove-local-statics: -fremove-local-statics}}}' --enable-languages=c,c++ --enable-shared --disable-lto --enable-symvers=gnu --enable-__cxa_atexit --with-pkgversion='Sourcery G++ Lite 2010q1-202' --with-bugurl=https://support.codesourcery.com/GNUToolchain/ --disable-nls --prefix=/opt/codesourcery --with-sysroot=/opt/codesourcery/arm-none-linux-gnueabi/libc --with-build-sysroot=/scratch/julian/2010q1-release-linux-lite/install/arm-none-linux-gnueabi/libc --with-gmp=/scratch/julian/2010q1-release-linux-lite/obj/host-libs-2010q1-202-arm-none-linux-gnueabi-i686-pc-linux-gnu/usr --with-mpfr=/scratch/julian/2010q1-release-linux-lite/obj/host-libs-2010q1-202-arm-none-linux-gnueabi-i686-pc-linux-gnu/usr --with-ppl=/scratch/julian/2010q1-release-linux-lite/obj/host-libs-2010q1-202-arm-none-linux-gnueabi-i686-pc-linux-gnu/usr --with-host-libstdcxx='-static-libgcc -Wl,-Bstatic,-lstdc++,-Bdynamic -lm' --with-cloog=/scratch/julian/2010q1-release-linux-lite/obj/host-libs-2010q1-202-arm-none-linux-gnueabi-i686-pc-linux-gnu/usr --disable-libgomp --enable-poison-system-directories --with-build-time-tools=/scratch/julian/2010q1-release-linux-lite/install/arm-none-linux-gnueabi/bin --with-build-time-tools=/scratch/julian/2010q1-release-linux-lite/install/arm-none-linux-gnueabi/bin
Thread model: posix
gcc version 4.4.1 (Sourcery G++ Lite 2010q1-202) 
configure:2684: $? = 0
configure:2673: /disk-b/tools/amlogic/arm-2010q1/bin/arm-none-linux-gnueabi-gcc -V >&5
arm-none-linux-gnueabi-gcc: '-V' option must have argument
configure:2684: $? = 1
configure:2673: /disk-b/tools/amlogic/arm-2010q1/bin/arm-none-linux-gnueabi-gcc -qversion >&5
arm-none-linux-gnueabi-gcc: unrecognized option '-qversion'
arm-none-linux-gnueabi-gcc: no input files
configure:2684: $? = 1
configure:2704: checking whether the C compiler works
configure:2726: /disk-b/tools/amlogic/arm-2010q1/bin/arm-none-linux-gnueabi-gcc -I/disk-b/Amlogic/amlogicMBOX-0526/kernel/include -I/disk-b/6410/Android/wifi/nano-c047.12/kernel/ic -I/disk-b/6410/Android/wifi/nano-c047.12/driverenv/inc -I/disk-b/6410/Android/wifi/nano-c047.12/WiFiEngine/802/inc -I/disk-b/6410/Android/wifi/nano-c047.12/WiFiEngine/80211/inc -I/disk-b/6410/Android/wifi/nano-c047.12/WiFiEngine/80211macmgmt/inc -I/disk-b/6410/Android/wifi/nano-c047.12/WiFiEngine/80211macmib/inc -I/disk-b/6410/Android/wifi/nano-c047.12/WiFiEngine/driverenv/common/inc -I/disk-b/6410/Android/wifi/nano-c047.12/WiFiEngine/mac_api/inc -I/disk-b/6410/Android/wifi/nano-c047.12/WiFiEngine/pal/inc -I/disk-b/6410/Android/wifi/nano-c047.12/WiFiEngine/hic/inc -I/disk-b/6410/Android/wifi/nano-c047.12/WiFiEngine/hic_wrapper/inc -I/disk-b/6410/Android/wifi/nano-c047.12/WiFiEngine/hic_ctrl_msg/inc -I/disk-b/6410/Android/wifi/nano-c047.12/WiFiEngine/mac_wrapper/inc -I/disk-b/6410/Android/wifi/nano-c047.12/WiFiEngine/mlme_proxy/inc -I/disk-b/6410/Android/wifi/nano-c047.12/WiFiEngine/reg/inc -I/disk-b/6410/Android/wifi/nano-c047.12/WiFiEngine/sys/inc -I/disk-b/6410/Android/wifi/nano-c047.12/WiFiEngine/ucos/inc -I/disk-b/6410/Android/wifi/nano-c047.12/WiFiEngine/ucos_port_winhost/inc -I/disk-b/6410/Android/wifi/nano-c047.12/WiFiEngine/wifi_drv/inc -I/disk-b/6410/Android/wifi/nano-c047.12/WiFiEngine/ewpa/inc -I/disk-b/6410/Android/wifi/nano-c047.12/WiFiEngine/logger/inc   conftest.c  >&5
configure:2730: $? = 0
configure:2778: result: yes
configure:2781: checking for C compiler default output file name
configure:2783: result: a.out
configure:2789: checking for suffix of executables
configure:2796: /disk-b/tools/amlogic/arm-2010q1/bin/arm-none-linux-gnueabi-gcc -o conftest -I/disk-b/Amlogic/amlogicMBOX-0526/kernel/include -I/disk-b/6410/Android/wifi/nano-c047.12/kernel/ic -I/disk-b/6410/Android/wifi/nano-c047.12/driverenv/inc -I/disk-b/6410/Android/wifi/nano-c047.12/WiFiEngine/802/inc -I/disk-b/6410/Android/wifi/nano-c047.12/WiFiEngine/80211/inc -I/disk-b/6410/Android/wifi/nano-c047.12/WiFiEngine/80211macmgmt/inc -I/disk-b/6410/Android/wifi/nano-c047.12/WiFiEngine/80211macmib/inc -I/disk-b/6410/Android/wifi/nano-c047.12/WiFiEngine/driverenv/common/inc -I/disk-b/6410/Android/wifi/nano-c047.12/WiFiEngine/mac_api/inc -I/disk-b/6410/Android/wifi/nano-c047.12/WiFiEngine/pal/inc -I/disk-b/6410/Android/wifi/nano-c047.12/WiFiEngine/hic/inc -I/disk-b/6410/Android/wifi/nano-c047.12/WiFiEngine/hic_wrapper/inc -I/disk-b/6410/Android/wifi/nano-c047.12/WiFiEngine/hic_ctrl_msg/inc -I/disk-b/6410/Android/wifi/nano-c047.12/WiFiEngine/mac_wrapper/inc -I/disk-b/6410/Android/wifi/nano-c047.12/WiFiEngine/mlme_proxy/inc -I/disk-b/6410/Android/wifi/nano-c047.12/WiFiEngine/reg/inc -I/disk-b/6410/Android/wifi/nano-c047.12/WiFiEngine/sys/inc -I/disk-b/6410/Android/wifi/nano-c047.12/WiFiEngine/ucos/inc -I/disk-b/6410/Android/wifi/nano-c047.12/WiFiEngine/ucos_port_winhost/inc -I/disk-b/6410/Android/wifi/nano-c047.12/WiFiEngine/wifi_drv/inc -I/disk-b/6410/Android/wifi/nano-c047.12/WiFiEngine/ewpa/inc -I/disk-b/6410/Android/wifi/nano-c047.12/WiFiEngine/logger/inc   conftest.c  >&5
configure:2800: $? = 0
configure:2822: result: 
configure:2844: checking whether we are cross compiling
configure:2852: /disk-b/tools/amlogic/arm-2010q1/bin/arm-none-linux-gnueabi-gcc -o conftest -I/disk-b/Amlogic/amlogicMBOX-0526/kernel/include -I/disk-b/6410/Android/wifi/nano-c047.12/kernel/ic -I/disk-b/6410/Android/wifi/nano-c047.12/driverenv/inc -I/disk-b/6410/Android/wifi/nano-c047.12/WiFiEngine/802/inc -I/disk-b/6410/Android/wifi/nano-c047.12/WiFiEngine/80211/inc -I/disk-b/6410/Android/wifi/nano-c047.12/WiFiEngine/80211macmgmt/inc -I/disk-b/6410/Android/wifi/nano-c047.12/WiFiEngine/80211macmib/inc -I/disk-b/6410/Android/wifi/nano-c047.12/WiFiEngine/driverenv/common/inc -I/disk-b/6410/Android/wifi/nano-c047.12/WiFiEngine/mac_api/inc -I/disk-b/6410/Android/wifi/nano-c047.12/WiFiEngine/pal/inc -I/disk-b/6410/Android/wifi/nano-c047.12/WiFiEngine/hic/inc -I/disk-b/6410/Android/wifi/nano-c047.12/WiFiEngine/hic_wrapper/inc -I/disk-b/6410/Android/wifi/nano-c047.12/WiFiEngine/hic_ctrl_msg/inc -I/disk-b/6410/Android/wifi/nano-c047.12/WiFiEngine/mac_wrapper/inc -I/disk-b/6410/Android/wifi/nano-c047.12/WiFiEngine/mlme_proxy/inc -I/disk-b/6410/Android/wifi/nano-c047.12/WiFiEngine/reg/inc -I/disk-b/6410/Android/wifi/nano-c047.12/WiFiEngine/sys/inc -I/disk-b/6410/Android/wifi/nano-c047.12/WiFiEngine/ucos/inc -I/disk-b/6410/Android/wifi/nano-c047.12/WiFiEngine/ucos_port_winhost/inc -I/disk-b/6410/Android/wifi/nano-c047.12/WiFiEngine/wifi_drv/inc -I/disk-b/6410/Android/wifi/nano-c047.12/WiFiEngine/ewpa/inc -I/disk-b/6410/Android/wifi/nano-c047.12/WiFiEngine/logger/inc   conftest.c  >&5
configure:2856: $? = 0
configure:2863: ./conftest
./configure: line 2865: ./conftest: cannot execute binary file
configure:2867: $? = 126
configure:2882: result: yes
configure:2887: checking for suffix of object files
configure:2909: /disk-b/tools/amlogic/arm-2010q1/bin/arm-none-linux-gnueabi-gcc -c -I/disk-b/Amlogic/amlogicMBOX-0526/kernel/include -I/disk-b/6410/Android/wifi/nano-c047.12/kernel/ic -I/disk-b/6410/Android/wifi/nano-c047.12/driverenv/inc -I/disk-b/6410/Android/wifi/nano-c047.12/WiFiEngine/802/inc -I/disk-b/6410/Android/wifi/nano-c047.12/WiFiEngine/80211/inc -I/disk-b/6410/Android/wifi/nano-c047.12/WiFiEngine/80211macmgmt/inc -I/disk-b/6410/Android/wifi/nano-c047.12/WiFiEngine/80211macmib/inc -I/disk-b/6410/Android/wifi/nano-c047.12/WiFiEngine/driverenv/common/inc -I/disk-b/6410/Android/wifi/nano-c047.12/WiFiEngine/mac_api/inc -I/disk-b/6410/Android/wifi/nano-c047.12/WiFiEngine/pal/inc -I/disk-b/6410/Android/wifi/nano-c047.12/WiFiEngine/hic/inc -I/disk-b/6410/Android/wifi/nano-c047.12/WiFiEngine/hic_wrapper/inc -I/disk-b/6410/Android/wifi/nano-c047.12/WiFiEngine/hic_ctrl_msg/inc -I/disk-b/6410/Android/wifi/nano-c047.12/WiFiEngine/mac_wrapper/inc -I/disk-b/6410/Android/wifi/nano-c047.12/WiFiEngine/mlme_proxy/inc -I/disk-b/6410/Android/wifi/nano-c047.12/WiFiEngine/reg/inc -I/disk-b/6410/Android/wifi/nano-c047.12/WiFiEngine/sys/inc -I/disk-b/6410/Android/wifi/nano-c047.12/WiFiEngine/ucos/inc -I/disk-b/6410/Android/wifi/nano-c047.12/WiFiEngine/ucos_port_winhost/inc -I/disk-b/6410/Android/wifi/nano-c047.12/WiFiEngine/wifi_drv/inc -I/disk-b/6410/Android/wifi/nano-c047.12/WiFiEngine/ewpa/inc -I/disk-b/6410/Android/wifi/nano-c047.12/WiFiEngine/logger/inc  conftest.c >&5
configure:2913: $? = 0
configure:2934: result: o
configure:2938: checking whether we are using the GNU C compiler
configure:2957: /disk-b/tools/amlogic/arm-2010q1/bin/arm-none-linux-gnueabi-gcc -c -I/disk-b/Amlogic/amlogicMBOX-0526/kernel/include -I/disk-b/6410/Android/wifi/nano-c047.12/kernel/ic -I/disk-b/6410/Android/wifi/nano-c047.12/driverenv/inc -I/disk-b/6410/Android/wifi/nano-c047.12/WiFiEngine/802/inc -I/disk-b/6410/Android/wifi/nano-c047.12/WiFiEngine/80211/inc -I/disk-b/6410/Android/wifi/nano-c047.12/WiFiEngine/80211macmgmt/inc -I/disk-b/6410/Android/wifi/nano-c047.12/WiFiEngine/80211macmib/inc -I/disk-b/6410/Android/wifi/nano-c047.12/WiFiEngine/driverenv/common/inc -I/disk-b/6410/Android/wifi/nano-c047.12/WiFiEngine/mac_api/inc -I/disk-b/6410/Android/wifi/nano-c047.12/WiFiEngine/pal/inc -I/disk-b/6410/Android/wifi/nano-c047.12/WiFiEngine/hic/inc -I/disk-b/6410/Android/wifi/nano-c047.12/WiFiEngine/hic_wrapper/inc -I/disk-b/6410/Android/wifi/nano-c047.12/WiFiEngine/hic_ctrl_msg/inc -I/disk-b/6410/Android/wifi/nano-c047.12/WiFiEngine/mac_wrapper/inc -I/disk-b/6410/Android/wifi/nano-c047.12/WiFiEngine/mlme_proxy/inc -I/disk-b/6410/Android/wifi/nano-c047.12/WiFiEngine/reg/inc -I/disk-b/6410/Android/wifi/nano-c047.12/WiFiEngine/sys/inc -I/disk-b/6410/Android/wifi/nano-c047.12/WiFiEngine/ucos/inc -I/disk-b/6410/Android/wifi/nano-c047.12/WiFiEngine/ucos_port_winhost/inc -I/disk-b/6410/Android/wifi/nano-c047.12/WiFiEngine/wifi_drv/inc -I/disk-b/6410/Android/wifi/nano-c047.12/WiFiEngine/ewpa/inc -I/disk-b/6410/Android/wifi/nano-c047.12/WiFiEngine/logger/inc  conftest.c >&5
configure:2957: $? = 0
configure:2966: result: yes
configure:2975: checking whether /disk-b/tools/amlogic/arm-2010q1/bin/arm-none-linux-gnueabi-gcc accepts -g
configure:2995: /disk-b/tools/amlogic/arm-2010q1/bin/arm-none-linux-gnueabi-gcc -c -g  conftest.c >&5
configure:2995: $? = 0
configure:3036: result: yes
configure:3053: checking for /disk-b/tools/amlogic/arm-2010q1/bin/arm-none-linux-gnueabi-gcc option to accept ISO C89
configure:3117: /disk-b/tools/amlogic/arm-2010q1/bin/arm-none-linux-gnueabi-gcc  -c -I/disk-b/Amlogic/amlogicMBOX-0526/kernel/include -I/disk-b/6410/Android/wifi/nano-c047.12/kernel/ic -I/disk-b/6410/Android/wifi/nano-c047.12/driverenv/inc -I/disk-b/6410/Android/wifi/nano-c047.12/WiFiEngine/802/inc -I/disk-b/6410/Android/wifi/nano-c047.12/WiFiEngine/80211/inc -I/disk-b/6410/Android/wifi/nano-c047.12/WiFiEngine/80211macmgmt/inc -I/disk-b/6410/Android/wifi/nano-c047.12/WiFiEngine/80211macmib/inc -I/disk-b/6410/Android/wifi/nano-c047.12/WiFiEngine/driverenv/common/inc -I/disk-b/6410/Android/wifi/nano-c047.12/WiFiEngine/mac_api/inc -I/disk-b/6410/Android/wifi/nano-c047.12/WiFiEngine/pal/inc -I/disk-b/6410/Android/wifi/nano-c047.12/WiFiEngine/hic/inc -I/disk-b/6410/Android/wifi/nano-c047.12/WiFiEngine/hic_wrapper/inc -I/disk-b/6410/Android/wifi/nano-c047.12/WiFiEngine/hic_ctrl_msg/inc -I/disk-b/6410/Android/wifi/nano-c047.12/WiFiEngine/mac_wrapper/inc -I/disk-b/6410/Android/wifi/nano-c047.12/WiFiEngine/mlme_proxy/inc -I/disk-b/6410/Android/wifi/nano-c047.12/WiFiEngine/reg/inc -I/disk-b/6410/Android/wifi/nano-c047.12/WiFiEngine/sys/inc -I/disk-b/6410/Android/wifi/nano-c047.12/WiFiEngine/ucos/inc -I/disk-b/6410/Android/wifi/nano-c047.12/WiFiEngine/ucos_port_winhost/inc -I/disk-b/6410/Android/wifi/nano-c047.12/WiFiEngine/wifi_drv/inc -I/disk-b/6410/Android/wifi/nano-c047.12/WiFiEngine/ewpa/inc -I/disk-b/6410/Android/wifi/nano-c047.12/WiFiEngine/logger/inc  conftest.c >&5
configure:3117: $? = 0
configure:3130: result: none needed
configure:3153: checking for arm-none-linux-gnueabi-ranlib
configure:3169: found /disk-b/6410/opt/FriendlyARM/toolschain/4.5.1/bin/arm-none-linux-gnueabi-ranlib
configure:3180: result: arm-none-linux-gnueabi-ranlib
configure:3244: checking for strlcpy
configure:3244: /disk-b/tools/amlogic/arm-2010q1/bin/arm-none-linux-gnueabi-gcc -o conftest -I/disk-b/Amlogic/amlogicMBOX-0526/kernel/include -I/disk-b/6410/Android/wifi/nano-c047.12/kernel/ic -I/disk-b/6410/Android/wifi/nano-c047.12/driverenv/inc -I/disk-b/6410/Android/wifi/nano-c047.12/WiFiEngine/802/inc -I/disk-b/6410/Android/wifi/nano-c047.12/WiFiEngine/80211/inc -I/disk-b/6410/Android/wifi/nano-c047.12/WiFiEngine/80211macmgmt/inc -I/disk-b/6410/Android/wifi/nano-c047.12/WiFiEngine/80211macmib/inc -I/disk-b/6410/Android/wifi/nano-c047.12/WiFiEngine/driverenv/common/inc -I/disk-b/6410/Android/wifi/nano-c047.12/WiFiEngine/mac_api/inc -I/disk-b/6410/Android/wifi/nano-c047.12/WiFiEngine/pal/inc -I/disk-b/6410/Android/wifi/nano-c047.12/WiFiEngine/hic/inc -I/disk-b/6410/Android/wifi/nano-c047.12/WiFiEngine/hic_wrapper/inc -I/disk-b/6410/Android/wifi/nano-c047.12/WiFiEngine/hic_ctrl_msg/inc -I/disk-b/6410/Android/wifi/nano-c047.12/WiFiEngine/mac_wrapper/inc -I/disk-b/6410/Android/wifi/nano-c047.12/WiFiEngine/mlme_proxy/inc -I/disk-b/6410/Android/wifi/nano-c047.12/WiFiEngine/reg/inc -I/disk-b/6410/Android/wifi/nano-c047.12/WiFiEngine/sys/inc -I/disk-b/6410/Android/wifi/nano-c047.12/WiFiEngine/ucos/inc -I/disk-b/6410/Android/wifi/nano-c047.12/WiFiEngine/ucos_port_winhost/inc -I/disk-b/6410/Android/wifi/nano-c047.12/WiFiEngine/wifi_drv/inc -I/disk-b/6410/Android/wifi/nano-c047.12/WiFiEngine/ewpa/inc -I/disk-b/6410/Android/wifi/nano-c047.12/WiFiEngine/logger/inc   conftest.c  >&5
/tmp/cck1M2oH.o: In function `main':
conftest.c:(.text+0x8): undefined reference to `strlcpy'
collect2: ld returned 1 exit status
configure:3244: $? = 1
configure: failed program was:
| /* confdefs.h */
| #define PACKAGE_NAME "libnrx"
| #define PACKAGE_TARNAME "libnrx"
| #define PACKAGE_VERSION "0.0"
| #define PACKAGE_STRING "libnrx 0.0"
| #define PACKAGE_BUGREPORT "support@nanoradio.com"
| #define PACKAGE_URL ""
| #define PACKAGE "libnrx"
| #define VERSION "0.0"
| /* end confdefs.h.  */
| /* Define strlcpy to an innocuous variant, in case <limits.h> declares strlcpy.
|    For example, HP-UX 11i <limits.h> declares gettimeofday.  */
| #define strlcpy innocuous_strlcpy
| 
| /* System header to define __stub macros and hopefully few prototypes,
|     which can conflict with char strlcpy (); below.
|     Prefer <limits.h> to <assert.h> if __STDC__ is defined, since
|     <limits.h> exists even on freestanding compilers.  */
| 
| #ifdef __STDC__
| # include <limits.h>
| #else
| # include <assert.h>
| #endif
| 
| #undef strlcpy
| 
| /* Override any GCC internal prototype to avoid an error.
|    Use char because int might match the return type of a GCC
|    builtin and then its argument prototype would still apply.  */
| #ifdef __cplusplus
| extern "C"
| #endif
| char strlcpy ();
| /* The GNU C library defines this for functions which it implements
|     to always fail with ENOSYS.  Some functions are actually named
|     something starting with __ and the normal name is an alias.  */
| #if defined __stub_strlcpy || defined __stub___strlcpy
| choke me
| #endif
| 
| int
| main ()
| {
| return strlcpy ();
|   ;
|   return 0;
| }
configure:3244: result: no
configure:3373: creating ./config.status

## ---------------------- ##
## Running config.status. ##
## ---------------------- ##

This file was extended by libnrx config.status 0.0, which was
generated by GNU Autoconf 2.67.  Invocation command line was

  CONFIG_FILES    = 
  CONFIG_HEADERS  = 
  CONFIG_LINKS    = 
  CONFIG_COMMANDS = 
  $ ./config.status 

on Ubt1010

config.status:834: creating Makefile
config.status:834: creating autotest/Makefile
config.status:834: creating config.h
config.status:1014: config.h is unchanged

## ---------------- ##
## Cache variables. ##
## ---------------- ##

ac_cv_c_compiler_gnu=yes
ac_cv_env_CC_set=set
ac_cv_env_CC_value=/disk-b/tools/amlogic/arm-2010q1/bin/arm-none-linux-gnueabi-gcc
ac_cv_env_CFLAGS_set=set
ac_cv_env_CFLAGS_value='-I/disk-b/Amlogic/amlogicMBOX-0526/kernel/include -I/disk-b/6410/Android/wifi/nano-c047.12/kernel/ic -I/disk-b/6410/Android/wifi/nano-c047.12/driverenv/inc -I/disk-b/6410/Android/wifi/nano-c047.12/WiFiEngine/802/inc -I/disk-b/6410/Android/wifi/nano-c047.12/WiFiEngine/80211/inc -I/disk-b/6410/Android/wifi/nano-c047.12/WiFiEngine/80211macmgmt/inc -I/disk-b/6410/Android/wifi/nano-c047.12/WiFiEngine/80211macmib/inc -I/disk-b/6410/Android/wifi/nano-c047.12/WiFiEngine/driverenv/common/inc -I/disk-b/6410/Android/wifi/nano-c047.12/WiFiEngine/mac_api/inc -I/disk-b/6410/Android/wifi/nano-c047.12/WiFiEngine/pal/inc -I/disk-b/6410/Android/wifi/nano-c047.12/WiFiEngine/hic/inc -I/disk-b/6410/Android/wifi/nano-c047.12/WiFiEngine/hic_wrapper/inc -I/disk-b/6410/Android/wifi/nano-c047.12/WiFiEngine/hic_ctrl_msg/inc -I/disk-b/6410/Android/wifi/nano-c047.12/WiFiEngine/mac_wrapper/inc -I/disk-b/6410/Android/wifi/nano-c047.12/WiFiEngine/mlme_proxy/inc -I/disk-b/6410/Android/wifi/nano-c047.12/WiFiEngine/reg/inc -I/disk-b/6410/Android/wifi/nano-c047.12/WiFiEngine/sys/inc -I/disk-b/6410/Android/wifi/nano-c047.12/WiFiEngine/ucos/inc -I/disk-b/6410/Android/wifi/nano-c047.12/WiFiEngine/ucos_port_winhost/inc -I/disk-b/6410/Android/wifi/nano-c047.12/WiFiEngine/wifi_drv/inc -I/disk-b/6410/Android/wifi/nano-c047.12/WiFiEngine/ewpa/inc -I/disk-b/6410/Android/wifi/nano-c047.12/WiFiEngine/logger/inc'
ac_cv_env_CPPFLAGS_set=
ac_cv_env_CPPFLAGS_value=
ac_cv_env_LDFLAGS_set=set
ac_cv_env_LDFLAGS_value=
ac_cv_env_LIBS_set=
ac_cv_env_LIBS_value=
ac_cv_env_build_alias_set=
ac_cv_env_build_alias_value=
ac_cv_env_host_alias_set=set
ac_cv_env_host_alias_value=arm-none-linux-gnueabi
ac_cv_env_target_alias_set=
ac_cv_env_target_alias_value=
ac_cv_func_strlcpy=no
ac_cv_objext=o
ac_cv_path_install='/usr/bin/install -c'
ac_cv_path_mkdir=/bin/mkdir
ac_cv_prog_AWK=mawk
ac_cv_prog_CC=/disk-b/tools/amlogic/arm-2010q1/bin/arm-none-linux-gnueabi-gcc
ac_cv_prog_RANLIB=arm-none-linux-gnueabi-ranlib
ac_cv_prog_STRIP=/disk-b/tools/amlogic/arm-2010q1/bin/arm-none-linux-gnueabi-strip
ac_cv_prog_cc_c89=
ac_cv_prog_cc_g=yes
ac_cv_prog_make_make_set=yes

## ----------------- ##
## Output variables. ##
## ----------------- ##

ACLOCAL='${SHELL} /disk-b/6410/Android/wifi/nano-c047.12/userspace/libnrx/missing --run aclocal-1.11'
AMTAR='${SHELL} /disk-b/6410/Android/wifi/nano-c047.12/userspace/libnrx/missing --run tar'
AUTOCONF='${SHELL} /disk-b/6410/Android/wifi/nano-c047.12/userspace/libnrx/missing --run autoconf'
AUTOHEADER='${SHELL} /disk-b/6410/Android/wifi/nano-c047.12/userspace/libnrx/missing --run autoheader'
AUTOMAKE='${SHELL} /disk-b/6410/Android/wifi/nano-c047.12/userspace/libnrx/missing --run automake-1.11'
AWK='mawk'
CC='/disk-b/tools/amlogic/arm-2010q1/bin/arm-none-linux-gnueabi-gcc'
CFLAGS='-I/disk-b/Amlogic/amlogicMBOX-0526/kernel/include -I/disk-b/6410/Android/wifi/nano-c047.12/kernel/ic -I/disk-b/6410/Android/wifi/nano-c047.12/driverenv/inc -I/disk-b/6410/Android/wifi/nano-c047.12/WiFiEngine/802/inc -I/disk-b/6410/Android/wifi/nano-c047.12/WiFiEngine/80211/inc -I/disk-b/6410/Android/wifi/nano-c047.12/WiFiEngine/80211macmgmt/inc -I/disk-b/6410/Android/wifi/nano-c047.12/WiFiEngine/80211macmib/inc -I/disk-b/6410/Android/wifi/nano-c047.12/WiFiEngine/driverenv/common/inc -I/disk-b/6410/Android/wifi/nano-c047.12/WiFiEngine/mac_api/inc -I/disk-b/6410/Android/wifi/nano-c047.12/WiFiEngine/pal/inc -I/disk-b/6410/Android/wifi/nano-c047.12/WiFiEngine/hic/inc -I/disk-b/6410/Android/wifi/nano-c047.12/WiFiEngine/hic_wrapper/inc -I/disk-b/6410/Android/wifi/nano-c047.12/WiFiEngine/hic_ctrl_msg/inc -I/disk-b/6410/Android/wifi/nano-c047.12/WiFiEngine/mac_wrapper/inc -I/disk-b/6410/Android/wifi/nano-c047.12/WiFiEngine/mlme_proxy/inc -I/disk-b/6410/Android/wifi/nano-c047.12/WiFiEngine/reg/inc -I/disk-b/6410/Android/wifi/nano-c047.12/WiFiEngine/sys/inc -I/disk-b/6410/Android/wifi/nano-c047.12/WiFiEngine/ucos/inc -I/disk-b/6410/Android/wifi/nano-c047.12/WiFiEngine/ucos_port_winhost/inc -I/disk-b/6410/Android/wifi/nano-c047.12/WiFiEngine/wifi_drv/inc -I/disk-b/6410/Android/wifi/nano-c047.12/WiFiEngine/ewpa/inc -I/disk-b/6410/Android/wifi/nano-c047.12/WiFiEngine/logger/inc'
CPPFLAGS=''
CYGPATH_W='echo'
DEFS='-DHAVE_CONFIG_H'
ECHO_C=''
ECHO_N='-n'
ECHO_T=''
EXEEXT=''
INSTALL_DATA='${INSTALL} -m 644'
INSTALL_PROGRAM='${INSTALL}'
INSTALL_SCRIPT='${INSTALL}'
INSTALL_STRIP_PROGRAM='$(install_sh) -c -s'
LDFLAGS=''
LIBOBJS=' ${LIBOBJDIR}strlcpy$U.o'
LIBS=''
LTLIBOBJS=' ${LIBOBJDIR}strlcpy$U.lo'
MAKEINFO='${SHELL} /disk-b/6410/Android/wifi/nano-c047.12/userspace/libnrx/missing --run makeinfo'
MKDIR_P='/bin/mkdir -p'
OBJEXT='o'
PACKAGE='libnrx'
PACKAGE_BUGREPORT='support@nanoradio.com'
PACKAGE_NAME='libnrx'
PACKAGE_STRING='libnrx 0.0'
PACKAGE_TARNAME='libnrx'
PACKAGE_URL=''
PACKAGE_VERSION='0.0'
PATH_SEPARATOR=':'
RANLIB='arm-none-linux-gnueabi-ranlib'
SET_MAKE=''
SHELL='/bin/bash'
STRIP='/disk-b/tools/amlogic/arm-2010q1/bin/arm-none-linux-gnueabi-strip'
VERSION='0.0'
ac_ct_CC=''
am__EXEEXT_FALSE=''
am__EXEEXT_TRUE='#'
am__isrc=''
am__leading_dot='.'
am__tar='${AMTAR} chof - "$$tardir"'
am__untar='${AMTAR} xf -'
bindir='${exec_prefix}/bin'
build_alias=''
datadir='${datarootdir}'
datarootdir='${prefix}/share'
docdir='${datarootdir}/doc/${PACKAGE_TARNAME}'
dvidir='${docdir}'
exec_prefix='${prefix}'
host_alias='arm-none-linux-gnueabi'
htmldir='${docdir}'
includedir='${prefix}/include'
infodir='${datarootdir}/info'
install_sh='${SHELL} /disk-b/6410/Android/wifi/nano-c047.12/userspace/libnrx/install-sh'
libdir='${exec_prefix}/lib'
libexecdir='${exec_prefix}/libexec'
localedir='${datarootdir}/locale'
localstatedir='${prefix}/var'
mandir='${datarootdir}/man'
mkdir_p='/bin/mkdir -p'
oldincludedir='/usr/include'
pdfdir='${docdir}'
prefix='/usr/local'
program_transform_name='s,x,x,'
psdir='${docdir}'
sbindir='${exec_prefix}/sbin'
sharedstatedir='${prefix}/com'
sysconfdir='${prefix}/etc'
target_alias=''

## ----------- ##
## confdefs.h. ##
## ----------- ##

/* confdefs.h */
#define PACKAGE_NAME "libnrx"
#define PACKAGE_TARNAME "libnrx"
#define PACKAGE_VERSION "0.0"
#define PACKAGE_STRING "libnrx 0.0"
#define PACKAGE_BUGREPORT "support@nanoradio.com"
#define PACKAGE_URL ""
#define PACKAGE "libnrx"
#define VERSION "0.0"

configure: exit 0
